2025-05-17 20:06:47,767 CRIT Supervisor is running as root.  Privileges were not dropped because no user is specified in the config file.  If you intend to run as root, you can set user=root in the config file to avoid this message.
2025-05-17 20:06:47,770 INFO supervisord started with pid 1
2025-05-17 20:06:48,773 INFO spawned: 'nginx' with pid 281
2025-05-17 20:06:48,775 INFO spawned: 'php-fpm' with pid 282
2025-05-17 20:06:48,777 INFO spawned: 'queue' with pid 283
2025-05-17 20:06:49,808 INFO success: nginx entered RUNNING state, process has stayed up for > than 1 seconds (startsecs)
2025-05-17 20:06:49,808 INFO success: php-fpm entered RUNNING state, process has stayed up for > than 1 seconds (startsecs)
2025-05-17 20:06:49,815 INFO success: queue entered RUNNING state, process has stayed up for > than 1 seconds (startsecs)
2025-05-18 03:22:33,988 CRIT Supervisor is running as root.  Privileges were not dropped because no user is specified in the config file.  If you intend to run as root, you can set user=root in the config file to avoid this message.
2025-05-18 03:22:34,129 INFO supervisord started with pid 1
2025-05-18 03:22:35,131 INFO spawned: 'nginx' with pid 9
2025-05-18 03:22:35,134 INFO spawned: 'php-fpm' with pid 10
2025-05-18 03:22:35,135 INFO spawned: 'queue' with pid 11
2025-05-18 03:22:36,784 INFO success: nginx entered RUNNING state, process has stayed up for > than 1 seconds (startsecs)
2025-05-18 03:22:36,785 INFO success: php-fpm entered RUNNING state, process has stayed up for > than 1 seconds (startsecs)
2025-05-18 03:22:36,786 INFO success: queue entered RUNNING state, process has stayed up for > than 1 seconds (startsecs)
2025-05-18 03:47:07,822 WARN received SIGQUIT indicating exit request
2025-05-18 03:47:07,822 INFO waiting for nginx, php-fpm, queue to die
2025-05-18 03:47:08,827 INFO stopped: queue (exit status 0)
2025-05-18 03:47:08,835 INFO stopped: php-fpm (exit status 0)
2025-05-18 03:47:08,850 INFO stopped: nginx (exit status 0)
2025-05-18 03:47:40,930 CRIT Supervisor is running as root.  Privileges were not dropped because no user is specified in the config file.  If you intend to run as root, you can set user=root in the config file to avoid this message.
2025-05-18 03:47:40,937 INFO supervisord started with pid 1
2025-05-18 03:47:41,940 INFO spawned: 'nginx' with pid 9
2025-05-18 03:47:41,941 INFO spawned: 'php-fpm' with pid 10
2025-05-18 03:47:41,944 INFO spawned: 'queue' with pid 11
2025-05-18 03:47:42,979 INFO success: nginx entered RUNNING state, process has stayed up for > than 1 seconds (startsecs)
2025-05-18 03:47:42,979 INFO success: php-fpm entered RUNNING state, process has stayed up for > than 1 seconds (startsecs)
2025-05-18 03:47:42,979 INFO success: queue entered RUNNING state, process has stayed up for > than 1 seconds (startsecs)
2025-05-18 04:08:04,026 WARN received SIGQUIT indicating exit request
2025-05-18 04:08:04,026 INFO waiting for nginx, php-fpm, queue to die
2025-05-18 04:08:05,031 INFO stopped: queue (exit status 0)
2025-05-18 04:08:05,037 INFO stopped: php-fpm (exit status 0)
2025-05-18 04:08:05,053 INFO stopped: nginx (exit status 0)
2025-05-18 04:16:18,752 CRIT Supervisor is running as root.  Privileges were not dropped because no user is specified in the config file.  If you intend to run as root, you can set user=root in the config file to avoid this message.
2025-05-18 04:16:18,759 INFO supervisord started with pid 1
2025-05-18 04:16:19,762 INFO spawned: 'nginx' with pid 9
2025-05-18 04:16:19,763 INFO spawned: 'php-fpm' with pid 10
2025-05-18 04:16:19,766 INFO spawned: 'queue' with pid 11
2025-05-18 04:16:21,249 INFO success: nginx entered RUNNING state, process has stayed up for > than 1 seconds (startsecs)
2025-05-18 04:16:21,249 INFO success: php-fpm entered RUNNING state, process has stayed up for > than 1 seconds (startsecs)
2025-05-18 04:16:21,250 INFO success: queue entered RUNNING state, process has stayed up for > than 1 seconds (startsecs)
2025-05-18 04:21:39,909 WARN received SIGQUIT indicating exit request
2025-05-18 04:21:39,910 INFO waiting for nginx, php-fpm, queue to die
2025-05-18 04:21:42,912 INFO waiting for nginx, php-fpm, queue to die
2025-05-18 04:21:43,914 INFO stopped: queue (exit status 0)
2025-05-18 04:21:43,919 INFO stopped: php-fpm (exit status 0)
2025-05-18 04:21:43,924 INFO stopped: nginx (exit status 0)
2025-05-18 04:22:28,055 CRIT Supervisor is running as root.  Privileges were not dropped because no user is specified in the config file.  If you intend to run as root, you can set user=root in the config file to avoid this message.
2025-05-18 04:22:28,060 INFO supervisord started with pid 1
2025-05-18 04:22:29,060 INFO spawned: 'nginx' with pid 9
2025-05-18 04:22:29,062 INFO spawned: 'php-fpm' with pid 10
2025-05-18 04:22:29,065 INFO spawned: 'queue' with pid 11
2025-05-18 04:22:30,094 INFO success: nginx entered RUNNING state, process has stayed up for > than 1 seconds (startsecs)
2025-05-18 04:22:30,094 INFO success: php-fpm entered RUNNING state, process has stayed up for > than 1 seconds (startsecs)
2025-05-18 04:22:30,095 INFO success: queue entered RUNNING state, process has stayed up for > than 1 seconds (startsecs)
2025-05-18 04:27:58,464 WARN received SIGQUIT indicating exit request
2025-05-18 04:27:58,464 INFO waiting for nginx, php-fpm, queue to die
2025-05-18 04:27:59,467 INFO stopped: queue (exit status 0)
2025-05-18 04:27:59,473 INFO stopped: php-fpm (exit status 0)
2025-05-18 04:27:59,488 INFO stopped: nginx (exit status 0)
2025-05-18 04:28:02,140 CRIT Supervisor is running as root.  Privileges were not dropped because no user is specified in the config file.  If you intend to run as root, you can set user=root in the config file to avoid this message.
2025-05-18 04:28:02,145 INFO supervisord started with pid 1
2025-05-18 04:28:03,147 INFO spawned: 'nginx' with pid 9
2025-05-18 04:28:03,148 INFO spawned: 'php-fpm' with pid 10
2025-05-18 04:28:03,151 INFO spawned: 'queue' with pid 11
2025-05-18 04:28:04,184 INFO success: nginx entered RUNNING state, process has stayed up for > than 1 seconds (startsecs)
2025-05-18 04:28:04,184 INFO success: php-fpm entered RUNNING state, process has stayed up for > than 1 seconds (startsecs)
2025-05-18 04:28:04,185 INFO success: queue entered RUNNING state, process has stayed up for > than 1 seconds (startsecs)
2025-05-18 05:03:49,415 WARN received SIGQUIT indicating exit request
2025-05-18 05:03:49,416 INFO waiting for nginx, php-fpm, queue to die
2025-05-18 05:03:50,422 INFO stopped: queue (exit status 0)
2025-05-18 05:03:50,428 INFO stopped: php-fpm (exit status 0)
2025-05-18 05:03:50,444 INFO stopped: nginx (exit status 0)
2025-05-18 05:03:54,766 CRIT Supervisor is running as root.  Privileges were not dropped because no user is specified in the config file.  If you intend to run as root, you can set user=root in the config file to avoid this message.
2025-05-18 05:03:54,770 INFO supervisord started with pid 1
2025-05-18 05:03:55,772 INFO spawned: 'nginx' with pid 10
2025-05-18 05:03:55,774 INFO spawned: 'php-fpm' with pid 11
2025-05-18 05:03:55,775 INFO spawned: 'queue' with pid 12
2025-05-18 05:03:56,810 INFO success: nginx entered RUNNING state, process has stayed up for > than 1 seconds (startsecs)
2025-05-18 05:03:56,811 INFO success: php-fpm entered RUNNING state, process has stayed up for > than 1 seconds (startsecs)
2025-05-18 05:03:56,811 INFO success: queue entered RUNNING state, process has stayed up for > than 1 seconds (startsecs)
2025-05-18 05:04:02,817 WARN received SIGQUIT indicating exit request
2025-05-18 05:04:02,817 INFO waiting for nginx, php-fpm, queue to die
2025-05-18 05:04:03,820 INFO stopped: queue (exit status 0)
2025-05-18 05:04:03,824 INFO stopped: php-fpm (exit status 0)
2025-05-18 05:04:03,829 INFO stopped: nginx (exit status 0)
2025-05-18 05:04:04,695 CRIT Supervisor is running as root.  Privileges were not dropped because no user is specified in the config file.  If you intend to run as root, you can set user=root in the config file to avoid this message.
2025-05-18 05:04:04,700 INFO supervisord started with pid 1
2025-05-18 05:04:05,702 INFO spawned: 'nginx' with pid 9
2025-05-18 05:04:05,704 INFO spawned: 'php-fpm' with pid 10
2025-05-18 05:04:05,707 INFO spawned: 'queue' with pid 11
2025-05-18 05:04:06,735 INFO success: nginx entered RUNNING state, process has stayed up for > than 1 seconds (startsecs)
2025-05-18 05:04:06,736 INFO success: php-fpm entered RUNNING state, process has stayed up for > than 1 seconds (startsecs)
2025-05-18 05:04:06,736 INFO success: queue entered RUNNING state, process has stayed up for > than 1 seconds (startsecs)
2025-05-18 05:08:01,336 WARN received SIGQUIT indicating exit request
2025-05-18 05:08:01,337 INFO waiting for nginx, php-fpm, queue to die
2025-05-18 05:08:02,342 INFO stopped: queue (exit status 0)
2025-05-18 05:08:02,348 INFO stopped: php-fpm (exit status 0)
2025-05-18 05:08:02,363 INFO stopped: nginx (exit status 0)
2025-05-18 05:08:03,723 CRIT Supervisor is running as root.  Privileges were not dropped because no user is specified in the config file.  If you intend to run as root, you can set user=root in the config file to avoid this message.
2025-05-18 05:08:03,733 INFO supervisord started with pid 1
2025-05-18 05:08:04,735 INFO spawned: 'nginx' with pid 9
2025-05-18 05:08:04,737 INFO spawned: 'php-fpm' with pid 10
2025-05-18 05:08:04,739 INFO spawned: 'queue' with pid 11
2025-05-18 05:08:05,772 INFO success: nginx entered RUNNING state, process has stayed up for > than 1 seconds (startsecs)
2025-05-18 05:08:05,772 INFO success: php-fpm entered RUNNING state, process has stayed up for > than 1 seconds (startsecs)
2025-05-18 05:08:05,773 INFO success: queue entered RUNNING state, process has stayed up for > than 1 seconds (startsecs)
2025-05-18 13:40:23,808 INFO reaped unknown pid 69 (terminated by SIGKILL)
2025-05-18 13:40:23,808 INFO reaped unknown pid 68 (terminated by SIGKILL)
2025-05-18 15:00:21,212 WARN received SIGQUIT indicating exit request
2025-05-18 15:00:21,212 INFO waiting for nginx, php-fpm, queue to die
2025-05-18 15:00:24,216 INFO waiting for nginx, php-fpm, queue to die
2025-05-18 15:00:27,220 INFO waiting for nginx, php-fpm, queue to die
2025-05-18 15:00:30,223 INFO waiting for nginx, php-fpm, queue to die
2025-05-18 15:02:25,000 CRIT Supervisor is running as root.  Privileges were not dropped because no user is specified in the config file.  If you intend to run as root, you can set user=root in the config file to avoid this message.
2025-05-18 15:02:25,007 INFO supervisord started with pid 1
2025-05-18 15:02:26,009 INFO spawned: 'nginx' with pid 10
2025-05-18 15:02:26,011 INFO spawned: 'php-fpm' with pid 11
2025-05-18 15:02:26,014 INFO spawned: 'queue' with pid 12
2025-05-18 15:02:27,065 INFO success: nginx entered RUNNING state, process has stayed up for > than 1 seconds (startsecs)
2025-05-18 15:02:27,066 INFO success: php-fpm entered RUNNING state, process has stayed up for > than 1 seconds (startsecs)
2025-05-18 15:02:27,066 INFO success: queue entered RUNNING state, process has stayed up for > than 1 seconds (startsecs)
2025-05-18 16:58:01,254 CRIT Supervisor is running as root.  Privileges were not dropped because no user is specified in the config file.  If you intend to run as root, you can set user=root in the config file to avoid this message.
2025-05-18 16:58:01,261 INFO supervisord started with pid 1
2025-05-18 16:58:02,263 INFO spawned: 'nginx' with pid 9
2025-05-18 16:58:02,269 INFO spawned: 'php-fpm' with pid 10
2025-05-18 16:58:02,278 INFO spawned: 'queue' with pid 11
2025-05-18 16:58:04,145 INFO success: nginx entered RUNNING state, process has stayed up for > than 1 seconds (startsecs)
2025-05-18 16:58:04,145 INFO success: php-fpm entered RUNNING state, process has stayed up for > than 1 seconds (startsecs)
2025-05-18 16:58:04,146 INFO success: queue entered RUNNING state, process has stayed up for > than 1 seconds (startsecs)
2025-05-18 17:53:13,470 WARN received SIGQUIT indicating exit request
2025-05-18 17:53:13,471 INFO waiting for nginx, php-fpm, queue to die
2025-05-18 17:53:14,472 INFO stopped: queue (exit status 0)
2025-05-18 17:53:14,477 INFO stopped: php-fpm (exit status 0)
2025-05-18 17:53:14,498 INFO stopped: nginx (exit status 0)
2025-05-18 17:53:15,526 CRIT Supervisor is running as root.  Privileges were not dropped because no user is specified in the config file.  If you intend to run as root, you can set user=root in the config file to avoid this message.
2025-05-18 17:53:15,531 INFO supervisord started with pid 1
2025-05-18 17:53:16,533 INFO spawned: 'nginx' with pid 9
2025-05-18 17:53:16,535 INFO spawned: 'php-fpm' with pid 10
2025-05-18 17:53:16,536 INFO spawned: 'queue' with pid 11
2025-05-18 17:53:18,515 INFO success: nginx entered RUNNING state, process has stayed up for > than 1 seconds (startsecs)
2025-05-18 17:53:18,515 INFO success: php-fpm entered RUNNING state, process has stayed up for > than 1 seconds (startsecs)
2025-05-18 17:53:18,515 INFO success: queue entered RUNNING state, process has stayed up for > than 1 seconds (startsecs)
2025-05-18 18:13:28,031 WARN received SIGQUIT indicating exit request
2025-05-18 18:13:28,031 INFO waiting for nginx, php-fpm, queue to die
2025-05-18 18:13:29,037 INFO stopped: queue (exit status 0)
2025-05-18 18:13:29,041 INFO stopped: php-fpm (exit status 0)
2025-05-18 18:13:29,058 INFO stopped: nginx (exit status 0)
2025-05-18 18:13:29,921 CRIT Supervisor is running as root.  Privileges were not dropped because no user is specified in the config file.  If you intend to run as root, you can set user=root in the config file to avoid this message.
2025-05-18 18:13:29,928 INFO supervisord started with pid 1
2025-05-18 18:13:30,930 INFO spawned: 'nginx' with pid 9
2025-05-18 18:13:30,931 INFO spawned: 'php-fpm' with pid 10
2025-05-18 18:13:30,934 INFO spawned: 'queue' with pid 11
2025-05-18 18:13:31,963 INFO success: nginx entered RUNNING state, process has stayed up for > than 1 seconds (startsecs)
2025-05-18 18:13:31,964 INFO success: php-fpm entered RUNNING state, process has stayed up for > than 1 seconds (startsecs)
2025-05-18 18:13:31,964 INFO success: queue entered RUNNING state, process has stayed up for > than 1 seconds (startsecs)
2025-05-18 19:36:30,489 WARN received SIGQUIT indicating exit request
2025-05-18 19:36:30,490 INFO waiting for nginx, php-fpm, queue to die
2025-05-18 19:36:31,492 INFO stopped: queue (exit status 0)
2025-05-18 19:36:31,497 INFO stopped: php-fpm (exit status 0)
2025-05-18 19:36:31,512 INFO stopped: nginx (exit status 0)
2025-05-18 19:36:32,467 CRIT Supervisor is running as root.  Privileges were not dropped because no user is specified in the config file.  If you intend to run as root, you can set user=root in the config file to avoid this message.
2025-05-18 19:36:32,473 INFO supervisord started with pid 1
2025-05-18 19:36:33,476 INFO spawned: 'nginx' with pid 9
2025-05-18 19:36:33,478 INFO spawned: 'php-fpm' with pid 10
2025-05-18 19:36:33,479 INFO spawned: 'queue' with pid 11
2025-05-18 19:36:34,536 INFO success: nginx entered RUNNING state, process has stayed up for > than 1 seconds (startsecs)
2025-05-18 19:36:34,536 INFO success: php-fpm entered RUNNING state, process has stayed up for > than 1 seconds (startsecs)
2025-05-18 19:36:34,536 INFO success: queue entered RUNNING state, process has stayed up for > than 1 seconds (startsecs)
2025-05-18 20:08:42,969 WARN received SIGQUIT indicating exit request
2025-05-18 20:08:42,969 INFO waiting for nginx, php-fpm, queue to die
2025-05-18 20:08:43,975 INFO stopped: queue (exit status 0)
2025-05-18 20:08:43,980 INFO stopped: php-fpm (exit status 0)
2025-05-18 20:08:43,995 INFO stopped: nginx (exit status 0)
2025-05-18 20:08:44,946 CRIT Supervisor is running as root.  Privileges were not dropped because no user is specified in the config file.  If you intend to run as root, you can set user=root in the config file to avoid this message.
2025-05-18 20:08:44,952 INFO supervisord started with pid 1
2025-05-18 20:08:45,954 INFO spawned: 'nginx' with pid 9
2025-05-18 20:08:45,955 INFO spawned: 'php-fpm' with pid 10
2025-05-18 20:08:45,957 INFO spawned: 'queue' with pid 11
2025-05-18 20:08:47,010 INFO success: nginx entered RUNNING state, process has stayed up for > than 1 seconds (startsecs)
2025-05-18 20:08:47,010 INFO success: php-fpm entered RUNNING state, process has stayed up for > than 1 seconds (startsecs)
2025-05-18 20:08:47,010 INFO success: queue entered RUNNING state, process has stayed up for > than 1 seconds (startsecs)
2025-05-18 20:11:00,480 WARN received SIGQUIT indicating exit request
2025-05-18 20:11:00,480 INFO waiting for nginx, php-fpm, queue to die
2025-05-18 20:11:01,483 INFO stopped: queue (exit status 0)
2025-05-18 20:11:01,489 INFO stopped: php-fpm (exit status 0)
2025-05-18 20:11:01,494 INFO stopped: nginx (exit status 0)
2025-05-18 20:11:02,284 CRIT Supervisor is running as root.  Privileges were not dropped because no user is specified in the config file.  If you intend to run as root, you can set user=root in the config file to avoid this message.
2025-05-18 20:11:02,287 INFO supervisord started with pid 1
2025-05-18 20:11:03,290 INFO spawned: 'nginx' with pid 9
2025-05-18 20:11:03,291 INFO spawned: 'php-fpm' with pid 10
2025-05-18 20:11:03,292 INFO spawned: 'queue' with pid 11
2025-05-18 20:11:04,321 INFO success: nginx entered RUNNING state, process has stayed up for > than 1 seconds (startsecs)
2025-05-18 20:11:04,321 INFO success: php-fpm entered RUNNING state, process has stayed up for > than 1 seconds (startsecs)
2025-05-18 20:11:04,322 INFO success: queue entered RUNNING state, process has stayed up for > than 1 seconds (startsecs)
2025-05-18 20:12:35,502 WARN received SIGQUIT indicating exit request
2025-05-18 20:12:35,502 INFO waiting for nginx, php-fpm, queue to die
2025-05-18 20:12:36,504 INFO stopped: queue (exit status 0)
2025-05-18 20:12:36,509 INFO stopped: php-fpm (exit status 0)
2025-05-18 20:12:36,513 INFO stopped: nginx (exit status 0)
2025-05-18 20:13:42,807 CRIT Supervisor is running as root.  Privileges were not dropped because no user is specified in the config file.  If you intend to run as root, you can set user=root in the config file to avoid this message.
2025-05-18 20:13:42,811 INFO supervisord started with pid 1
2025-05-18 20:13:43,813 INFO spawned: 'nginx' with pid 9
2025-05-18 20:13:43,815 INFO spawned: 'php-fpm' with pid 10
2025-05-18 20:13:43,817 INFO spawned: 'queue' with pid 11
2025-05-18 20:13:44,848 INFO success: nginx entered RUNNING state, process has stayed up for > than 1 seconds (startsecs)
2025-05-18 20:13:44,848 INFO success: php-fpm entered RUNNING state, process has stayed up for > than 1 seconds (startsecs)
2025-05-18 20:13:44,849 INFO success: queue entered RUNNING state, process has stayed up for > than 1 seconds (startsecs)
2025-05-18 20:14:41,534 WARN received SIGQUIT indicating exit request
2025-05-18 20:14:41,535 INFO waiting for nginx, php-fpm, queue to die
2025-05-18 20:14:44,539 INFO waiting for nginx, php-fpm, queue to die
2025-05-18 20:14:47,543 INFO waiting for nginx, php-fpm, queue to die
2025-05-18 20:14:50,547 INFO waiting for nginx, php-fpm, queue to die
2025-05-18 20:15:54,196 CRIT Supervisor is running as root.  Privileges were not dropped because no user is specified in the config file.  If you intend to run as root, you can set user=root in the config file to avoid this message.
2025-05-18 20:15:54,199 INFO supervisord started with pid 1
2025-05-18 20:15:55,202 INFO spawned: 'nginx' with pid 9
2025-05-18 20:15:55,203 INFO spawned: 'php-fpm' with pid 10
2025-05-18 20:15:55,204 INFO spawned: 'queue' with pid 11
2025-05-18 20:15:56,233 INFO success: nginx entered RUNNING state, process has stayed up for > than 1 seconds (startsecs)
2025-05-18 20:15:56,233 INFO success: php-fpm entered RUNNING state, process has stayed up for > than 1 seconds (startsecs)
2025-05-18 20:15:56,233 INFO success: queue entered RUNNING state, process has stayed up for > than 1 seconds (startsecs)
2025-05-18 20:29:27,498 INFO reaped unknown pid 51 (exit status 0)
2025-05-18 20:29:59,536 INFO reaped unknown pid 57 (exit status 0)
2025-05-18 20:31:05,612 INFO reaped unknown pid 63 (exit status 0)
2025-05-18 20:31:20,629 INFO reaped unknown pid 69 (exit status 0)
2025-05-18 20:31:29,639 INFO reaped unknown pid 75 (exit status 0)
2025-05-18 20:32:10,685 INFO reaped unknown pid 81 (exit status 0)
2025-05-18 20:35:04,883 INFO reaped unknown pid 87 (exit status 0)
2025-05-18 20:38:47,131 INFO reaped unknown pid 99 (exit status 0)
2025-05-18 20:39:13,160 INFO reaped unknown pid 109 (exit status 0)
2025-05-18 20:40:36,250 INFO reaped unknown pid 118 (exit status 0)
2025-05-18 20:41:47,326 INFO reaped unknown pid 130 (exit status 0)
2025-05-18 20:42:38,382 INFO reaped unknown pid 141 (exit status 0)
2025-05-18 20:44:14,486 INFO reaped unknown pid 153 (exit status 0)
2025-05-18 20:44:57,532 INFO reaped unknown pid 165 (exit status 0)
2025-05-18 20:46:04,606 INFO reaped unknown pid 176 (exit status 0)
2025-05-18 20:46:40,647 INFO reaped unknown pid 188 (exit status 0)
2025-05-18 20:47:21,693 INFO reaped unknown pid 200 (exit status 0)
2025-05-18 20:47:55,729 INFO reaped unknown pid 212 (exit status 0)
2025-05-18 20:48:03,737 INFO reaped unknown pid 225 (exit status 0)
2025-05-18 20:48:22,757 INFO reaped unknown pid 238 (exit status 0)
2025-05-18 20:48:46,785 INFO reaped unknown pid 250 (exit status 0)
2025-05-18 20:57:27,611 INFO reaped unknown pid 277 (exit status 0)
2025-05-18 20:58:20,670 INFO reaped unknown pid 288 (exit status 0)
2025-05-18 20:58:59,714 INFO reaped unknown pid 299 (exit status 0)
2025-05-18 20:59:07,723 INFO reaped unknown pid 306 (exit status 0)
2025-05-18 21:52:39,315 INFO reaped unknown pid 323 (exit status 0)
2025-05-18 21:53:40,383 INFO reaped unknown pid 334 (exit status 0)
2025-05-18 21:54:18,428 INFO reaped unknown pid 345 (exit status 0)
2025-05-18 21:57:08,617 WARN received SIGQUIT indicating exit request
2025-05-18 21:57:08,617 INFO waiting for nginx, php-fpm, queue to die
2025-05-18 21:57:09,622 INFO stopped: queue (exit status 0)
2025-05-18 21:57:09,627 INFO stopped: php-fpm (exit status 0)
2025-05-18 21:57:09,641 INFO stopped: nginx (exit status 0)
2025-05-18 22:01:58,002 CRIT Supervisor is running as root.  Privileges were not dropped because no user is specified in the config file.  If you intend to run as root, you can set user=root in the config file to avoid this message.
2025-05-18 22:01:58,007 INFO supervisord started with pid 1
2025-05-18 22:01:59,009 INFO spawned: 'nginx' with pid 9
2025-05-18 22:01:59,011 INFO spawned: 'php-fpm' with pid 10
2025-05-18 22:01:59,013 INFO spawned: 'queue' with pid 11
2025-05-18 22:02:00,093 INFO success: nginx entered RUNNING state, process has stayed up for > than 1 seconds (startsecs)
2025-05-18 22:02:00,094 INFO success: php-fpm entered RUNNING state, process has stayed up for > than 1 seconds (startsecs)
2025-05-18 22:02:00,094 INFO success: queue entered RUNNING state, process has stayed up for > than 1 seconds (startsecs)
2025-05-18 22:02:00,094 WARN received SIGQUIT indicating exit request
2025-05-18 22:02:00,094 INFO waiting for nginx, php-fpm, queue to die
2025-05-18 22:02:01,098 INFO stopped: queue (exit status 0)
2025-05-18 22:02:01,103 INFO stopped: php-fpm (exit status 0)
2025-05-18 22:02:01,112 INFO stopped: nginx (exit status 0)
2025-05-18 22:02:01,974 CRIT Supervisor is running as root.  Privileges were not dropped because no user is specified in the config file.  If you intend to run as root, you can set user=root in the config file to avoid this message.
2025-05-18 22:02:01,977 INFO supervisord started with pid 1
2025-05-18 22:02:02,980 INFO spawned: 'nginx' with pid 9
2025-05-18 22:02:02,981 INFO spawned: 'php-fpm' with pid 10
2025-05-18 22:02:02,982 INFO spawned: 'queue' with pid 11
2025-05-18 22:02:04,010 INFO success: nginx entered RUNNING state, process has stayed up for > than 1 seconds (startsecs)
2025-05-18 22:02:04,011 INFO success: php-fpm entered RUNNING state, process has stayed up for > than 1 seconds (startsecs)
2025-05-18 22:02:04,011 INFO success: queue entered RUNNING state, process has stayed up for > than 1 seconds (startsecs)
2025-05-18 22:04:29,166 INFO reaped unknown pid 5672 (exit status 0)
2025-05-18 22:06:23,295 INFO reaped unknown pid 5683 (exit status 0)
2025-05-18 22:06:46,323 INFO reaped unknown pid 5694 (exit status 0)
2025-05-19 05:11:47,965 CRIT Supervisor is running as root.  Privileges were not dropped because no user is specified in the config file.  If you intend to run as root, you can set user=root in the config file to avoid this message.
2025-05-19 05:11:47,987 INFO supervisord started with pid 1
2025-05-19 05:11:48,993 INFO spawned: 'nginx' with pid 9
2025-05-19 05:11:49,002 INFO spawned: 'php-fpm' with pid 10
2025-05-19 05:11:49,025 INFO spawned: 'queue' with pid 11
2025-05-19 05:11:50,650 INFO success: nginx entered RUNNING state, process has stayed up for > than 1 seconds (startsecs)
2025-05-19 05:11:50,651 INFO success: php-fpm entered RUNNING state, process has stayed up for > than 1 seconds (startsecs)
2025-05-19 05:11:50,651 INFO success: queue entered RUNNING state, process has stayed up for > than 1 seconds (startsecs)
2025-05-19 05:12:18,683 WARN received SIGQUIT indicating exit request
2025-05-19 05:12:18,683 INFO waiting for nginx, php-fpm, queue to die
2025-05-19 05:12:19,687 INFO stopped: queue (exit status 0)
2025-05-19 05:12:19,691 INFO stopped: php-fpm (exit status 0)
2025-05-19 05:12:19,708 INFO stopped: nginx (exit status 0)
2025-05-19 05:12:21,521 CRIT Supervisor is running as root.  Privileges were not dropped because no user is specified in the config file.  If you intend to run as root, you can set user=root in the config file to avoid this message.
2025-05-19 05:12:21,524 INFO supervisord started with pid 1
2025-05-19 05:12:22,526 INFO spawned: 'nginx' with pid 9
2025-05-19 05:12:22,528 INFO spawned: 'php-fpm' with pid 10
2025-05-19 05:12:22,529 INFO spawned: 'queue' with pid 11
2025-05-19 05:12:23,556 INFO success: nginx entered RUNNING state, process has stayed up for > than 1 seconds (startsecs)
2025-05-19 05:12:23,557 INFO success: php-fpm entered RUNNING state, process has stayed up for > than 1 seconds (startsecs)
2025-05-19 05:12:23,557 INFO success: queue entered RUNNING state, process has stayed up for > than 1 seconds (startsecs)
2025-05-19 13:21:12,590 WARN received SIGQUIT indicating exit request
2025-05-19 13:21:12,591 INFO waiting for nginx, php-fpm, queue to die
2025-05-19 13:21:13,595 INFO stopped: queue (exit status 0)
2025-05-19 13:21:13,601 INFO stopped: php-fpm (exit status 0)
2025-05-19 13:21:13,613 INFO stopped: nginx (exit status 0)
2025-05-19 13:21:14,560 CRIT Supervisor is running as root.  Privileges were not dropped because no user is specified in the config file.  If you intend to run as root, you can set user=root in the config file to avoid this message.
2025-05-19 13:21:14,565 INFO supervisord started with pid 1
2025-05-19 13:21:15,568 INFO spawned: 'nginx' with pid 9
2025-05-19 13:21:15,569 INFO spawned: 'php-fpm' with pid 10
2025-05-19 13:21:15,571 INFO spawned: 'queue' with pid 11
2025-05-19 13:21:16,620 INFO success: nginx entered RUNNING state, process has stayed up for > than 1 seconds (startsecs)
2025-05-19 13:21:16,621 INFO success: php-fpm entered RUNNING state, process has stayed up for > than 1 seconds (startsecs)
2025-05-19 13:21:16,621 INFO success: queue entered RUNNING state, process has stayed up for > than 1 seconds (startsecs)
2025-05-19 13:34:06,421 WARN received SIGQUIT indicating exit request
2025-05-19 13:34:06,422 INFO waiting for nginx, php-fpm, queue to die
2025-05-19 13:34:07,429 INFO stopped: queue (exit status 0)
2025-05-19 13:34:07,435 INFO stopped: php-fpm (exit status 0)
2025-05-19 13:34:07,450 INFO stopped: nginx (exit status 0)
2025-05-19 13:34:08,427 CRIT Supervisor is running as root.  Privileges were not dropped because no user is specified in the config file.  If you intend to run as root, you can set user=root in the config file to avoid this message.
2025-05-19 13:34:08,437 INFO supervisord started with pid 1
2025-05-19 13:34:09,440 INFO spawned: 'nginx' with pid 9
2025-05-19 13:34:09,444 INFO spawned: 'php-fpm' with pid 10
2025-05-19 13:34:09,448 INFO spawned: 'queue' with pid 11
2025-05-19 13:34:10,498 INFO success: nginx entered RUNNING state, process has stayed up for > than 1 seconds (startsecs)
2025-05-19 13:34:10,499 INFO success: php-fpm entered RUNNING state, process has stayed up for > than 1 seconds (startsecs)
2025-05-19 13:34:10,499 INFO success: queue entered RUNNING state, process has stayed up for > than 1 seconds (startsecs)
2025-05-19 14:53:26,493 WARN received SIGQUIT indicating exit request
2025-05-19 14:53:26,493 INFO waiting for nginx, php-fpm, queue to die
2025-05-19 14:53:27,497 INFO stopped: queue (exit status 0)
2025-05-19 14:53:27,503 INFO stopped: php-fpm (exit status 0)
2025-05-19 14:53:27,516 INFO stopped: nginx (exit status 0)
2025-05-19 14:53:32,725 CRIT Supervisor is running as root.  Privileges were not dropped because no user is specified in the config file.  If you intend to run as root, you can set user=root in the config file to avoid this message.
2025-05-19 14:53:32,730 INFO supervisord started with pid 1
2025-05-19 14:53:33,733 INFO spawned: 'nginx' with pid 9
2025-05-19 14:53:33,735 INFO spawned: 'php-fpm' with pid 10
2025-05-19 14:53:33,744 INFO spawned: 'queue' with pid 11
2025-05-19 14:53:35,299 INFO success: nginx entered RUNNING state, process has stayed up for > than 1 seconds (startsecs)
2025-05-19 14:53:35,300 INFO success: php-fpm entered RUNNING state, process has stayed up for > than 1 seconds (startsecs)
2025-05-19 14:53:35,300 INFO success: queue entered RUNNING state, process has stayed up for > than 1 seconds (startsecs)
2025-05-19 15:18:22,626 INFO reaped unknown pid 42 (exit status 0)
2025-05-19 16:38:09,031 INFO reaped unknown pid 54 (exit status 0)
2025-05-19 16:40:02,159 INFO reaped unknown pid 60 (exit status 0)
2025-05-19 16:41:22,250 INFO reaped unknown pid 72 (exit status 0)
2025-05-19 16:41:46,277 WARN received SIGQUIT indicating exit request
2025-05-19 16:41:46,277 INFO waiting for nginx, php-fpm, queue to die
2025-05-19 16:41:47,282 INFO stopped: queue (exit status 0)
2025-05-19 16:41:47,289 INFO stopped: php-fpm (exit status 0)
2025-05-19 16:41:47,305 INFO stopped: nginx (exit status 0)
2025-05-19 16:41:48,241 CRIT Supervisor is running as root.  Privileges were not dropped because no user is specified in the config file.  If you intend to run as root, you can set user=root in the config file to avoid this message.
2025-05-19 16:41:48,246 INFO supervisord started with pid 1
2025-05-19 16:41:49,248 INFO spawned: 'nginx' with pid 9
2025-05-19 16:41:49,250 INFO spawned: 'php-fpm' with pid 10
2025-05-19 16:41:49,252 INFO spawned: 'queue' with pid 11
2025-05-19 16:41:50,286 INFO success: nginx entered RUNNING state, process has stayed up for > than 1 seconds (startsecs)
2025-05-19 16:41:50,287 INFO success: php-fpm entered RUNNING state, process has stayed up for > than 1 seconds (startsecs)
2025-05-19 16:41:50,287 INFO success: queue entered RUNNING state, process has stayed up for > than 1 seconds (startsecs)
2025-05-19 16:41:53,291 INFO reaped unknown pid 42 (exit status 0)
2025-05-19 16:46:46,723 INFO reaped unknown pid 48 (exit status 0)
2025-05-19 16:47:50,796 INFO reaped unknown pid 58 (exit status 0)
2025-05-19 16:50:46,994 INFO reaped unknown pid 65 (exit status 0)
2025-05-19 16:51:00,008 INFO reaped unknown pid 71 (exit status 0)
2025-05-19 16:52:36,118 INFO reaped unknown pid 84 (exit status 0)
2025-05-19 17:04:55,932 WARN received SIGQUIT indicating exit request
2025-05-19 17:04:55,933 INFO waiting for nginx, php-fpm, queue to die
2025-05-19 17:04:56,936 INFO stopped: queue (exit status 0)
2025-05-19 17:04:56,943 INFO stopped: php-fpm (exit status 0)
2025-05-19 17:04:56,959 INFO stopped: nginx (exit status 0)
2025-05-19 17:04:57,947 CRIT Supervisor is running as root.  Privileges were not dropped because no user is specified in the config file.  If you intend to run as root, you can set user=root in the config file to avoid this message.
2025-05-19 17:04:57,954 INFO supervisord started with pid 1
2025-05-19 17:04:58,957 INFO spawned: 'nginx' with pid 9
2025-05-19 17:04:58,959 INFO spawned: 'php-fpm' with pid 10
2025-05-19 17:04:58,961 INFO spawned: 'queue' with pid 11
2025-05-19 17:04:59,996 INFO success: nginx entered RUNNING state, process has stayed up for > than 1 seconds (startsecs)
2025-05-19 17:04:59,997 INFO success: php-fpm entered RUNNING state, process has stayed up for > than 1 seconds (startsecs)
2025-05-19 17:04:59,998 INFO success: queue entered RUNNING state, process has stayed up for > than 1 seconds (startsecs)
2025-05-19 17:06:27,520 WARN received SIGQUIT indicating exit request
2025-05-19 17:06:27,520 INFO waiting for nginx, php-fpm, queue to die
2025-05-19 17:06:28,523 INFO stopped: queue (exit status 0)
2025-05-19 17:06:28,527 INFO stopped: php-fpm (exit status 0)
2025-05-19 17:06:28,532 INFO stopped: nginx (exit status 0)
2025-05-19 17:06:39,121 CRIT Supervisor is running as root.  Privileges were not dropped because no user is specified in the config file.  If you intend to run as root, you can set user=root in the config file to avoid this message.
2025-05-19 17:06:39,126 INFO supervisord started with pid 1
2025-05-19 17:06:40,129 INFO spawned: 'nginx' with pid 9
2025-05-19 17:06:40,131 INFO spawned: 'php-fpm' with pid 10
2025-05-19 17:06:40,134 INFO spawned: 'queue' with pid 11
2025-05-19 17:06:41,170 INFO success: nginx entered RUNNING state, process has stayed up for > than 1 seconds (startsecs)
2025-05-19 17:06:41,170 INFO success: php-fpm entered RUNNING state, process has stayed up for > than 1 seconds (startsecs)
2025-05-19 17:06:41,171 INFO success: queue entered RUNNING state, process has stayed up for > than 1 seconds (startsecs)
2025-05-19 17:07:32,240 WARN received SIGQUIT indicating exit request
2025-05-19 17:07:32,240 INFO waiting for nginx, php-fpm, queue to die
2025-05-19 17:07:33,243 INFO stopped: queue (exit status 0)
2025-05-19 17:07:33,248 INFO stopped: php-fpm (exit status 0)
2025-05-19 17:07:33,252 INFO stopped: nginx (exit status 0)
2025-05-19 17:07:34,311 CRIT Supervisor is running as root.  Privileges were not dropped because no user is specified in the config file.  If you intend to run as root, you can set user=root in the config file to avoid this message.
2025-05-19 17:07:34,315 INFO supervisord started with pid 1
2025-05-19 17:07:35,318 INFO spawned: 'nginx' with pid 9
2025-05-19 17:07:35,319 INFO spawned: 'php-fpm' with pid 10
2025-05-19 17:07:35,321 INFO spawned: 'queue' with pid 11
2025-05-19 17:07:36,405 INFO success: nginx entered RUNNING state, process has stayed up for > than 1 seconds (startsecs)
2025-05-19 17:07:36,406 INFO success: php-fpm entered RUNNING state, process has stayed up for > than 1 seconds (startsecs)
2025-05-19 17:07:36,406 INFO success: queue entered RUNNING state, process has stayed up for > than 1 seconds (startsecs)
2025-05-19 17:09:33,439 WARN received SIGQUIT indicating exit request
2025-05-19 17:09:33,440 INFO waiting for nginx, php-fpm, queue to die
2025-05-19 17:09:34,446 INFO stopped: queue (exit status 0)
2025-05-19 17:09:34,452 INFO stopped: php-fpm (exit status 0)
2025-05-19 17:09:34,467 INFO stopped: nginx (exit status 0)
2025-05-19 17:09:35,487 CRIT Supervisor is running as root.  Privileges were not dropped because no user is specified in the config file.  If you intend to run as root, you can set user=root in the config file to avoid this message.
2025-05-19 17:09:35,493 INFO supervisord started with pid 1
2025-05-19 17:09:36,495 INFO spawned: 'nginx' with pid 9
2025-05-19 17:09:36,498 INFO spawned: 'php-fpm' with pid 10
2025-05-19 17:09:36,501 INFO spawned: 'queue' with pid 11
2025-05-19 17:09:37,553 INFO success: nginx entered RUNNING state, process has stayed up for > than 1 seconds (startsecs)
2025-05-19 17:09:37,553 INFO success: php-fpm entered RUNNING state, process has stayed up for > than 1 seconds (startsecs)
2025-05-19 17:09:37,554 INFO success: queue entered RUNNING state, process has stayed up for > than 1 seconds (startsecs)
2025-05-19 17:10:00,832 INFO reaped unknown pid 43 (exit status 0)
2025-05-19 17:11:41,944 INFO reaped unknown pid 56 (exit status 0)
2025-05-19 17:15:53,072 INFO reaped unknown pid 74 (exit status 0)
2025-05-19 17:21:47,303 WARN received SIGQUIT indicating exit request
2025-05-19 17:21:47,304 INFO waiting for nginx, php-fpm, queue to die
2025-05-19 17:21:48,308 INFO stopped: queue (exit status 0)
2025-05-19 17:21:48,313 INFO stopped: php-fpm (exit status 0)
2025-05-19 17:21:48,329 INFO stopped: nginx (exit status 0)
2025-05-19 17:21:49,260 CRIT Supervisor is running as root.  Privileges were not dropped because no user is specified in the config file.  If you intend to run as root, you can set user=root in the config file to avoid this message.
2025-05-19 17:21:49,265 INFO supervisord started with pid 1
2025-05-19 17:21:50,268 INFO spawned: 'nginx' with pid 9
2025-05-19 17:21:50,269 INFO spawned: 'php-fpm' with pid 10
2025-05-19 17:21:50,271 INFO spawned: 'queue' with pid 11
2025-05-19 17:21:51,305 INFO success: nginx entered RUNNING state, process has stayed up for > than 1 seconds (startsecs)
2025-05-19 17:21:51,305 INFO success: php-fpm entered RUNNING state, process has stayed up for > than 1 seconds (startsecs)
2025-05-19 17:21:51,306 INFO success: queue entered RUNNING state, process has stayed up for > than 1 seconds (startsecs)
2025-05-19 17:23:32,663 WARN received SIGQUIT indicating exit request
2025-05-19 17:23:32,663 INFO waiting for nginx, php-fpm, queue to die
2025-05-19 17:23:33,669 INFO stopped: queue (exit status 0)
2025-05-19 17:23:33,674 INFO stopped: php-fpm (exit status 0)
2025-05-19 17:23:33,690 INFO stopped: nginx (exit status 0)
2025-05-19 17:23:34,764 CRIT Supervisor is running as root.  Privileges were not dropped because no user is specified in the config file.  If you intend to run as root, you can set user=root in the config file to avoid this message.
2025-05-19 17:23:34,769 INFO supervisord started with pid 1
2025-05-19 17:23:35,772 INFO spawned: 'nginx' with pid 9
2025-05-19 17:23:35,774 INFO spawned: 'php-fpm' with pid 10
2025-05-19 17:23:35,775 INFO spawned: 'queue' with pid 11
2025-05-19 17:23:36,829 INFO success: nginx entered RUNNING state, process has stayed up for > than 1 seconds (startsecs)
2025-05-19 17:23:36,830 INFO success: php-fpm entered RUNNING state, process has stayed up for > than 1 seconds (startsecs)
2025-05-19 17:23:36,830 INFO success: queue entered RUNNING state, process has stayed up for > than 1 seconds (startsecs)
2025-05-19 17:24:57,447 WARN received SIGQUIT indicating exit request
2025-05-19 17:24:57,447 INFO waiting for nginx, php-fpm, queue to die
2025-05-19 17:24:58,452 INFO stopped: queue (exit status 0)
2025-05-19 17:24:58,457 INFO stopped: php-fpm (exit status 0)
2025-05-19 17:24:58,474 INFO stopped: nginx (exit status 0)
2025-05-19 17:24:59,458 CRIT Supervisor is running as root.  Privileges were not dropped because no user is specified in the config file.  If you intend to run as root, you can set user=root in the config file to avoid this message.
2025-05-19 17:24:59,464 INFO supervisord started with pid 1
2025-05-19 17:25:00,466 INFO spawned: 'nginx' with pid 9
2025-05-19 17:25:00,468 INFO spawned: 'php-fpm' with pid 10
2025-05-19 17:25:00,469 INFO spawned: 'queue' with pid 11
2025-05-19 17:25:01,525 INFO success: nginx entered RUNNING state, process has stayed up for > than 1 seconds (startsecs)
2025-05-19 17:25:01,525 INFO success: php-fpm entered RUNNING state, process has stayed up for > than 1 seconds (startsecs)
2025-05-19 17:25:01,526 INFO success: queue entered RUNNING state, process has stayed up for > than 1 seconds (startsecs)
2025-05-19 17:40:01,917 WARN received SIGQUIT indicating exit request
2025-05-19 17:40:01,917 INFO waiting for nginx, php-fpm, queue to die
2025-05-19 17:40:02,923 INFO stopped: queue (exit status 0)
2025-05-19 17:40:02,929 INFO stopped: php-fpm (exit status 0)
2025-05-19 17:40:02,945 INFO stopped: nginx (exit status 0)
2025-05-19 17:40:03,921 CRIT Supervisor is running as root.  Privileges were not dropped because no user is specified in the config file.  If you intend to run as root, you can set user=root in the config file to avoid this message.
2025-05-19 17:40:03,928 INFO supervisord started with pid 1
2025-05-19 17:40:04,930 INFO spawned: 'nginx' with pid 9
2025-05-19 17:40:04,932 INFO spawned: 'php-fpm' with pid 10
2025-05-19 17:40:04,934 INFO spawned: 'queue' with pid 11
2025-05-19 17:40:05,995 INFO success: nginx entered RUNNING state, process has stayed up for > than 1 seconds (startsecs)
2025-05-19 17:40:05,995 INFO success: php-fpm entered RUNNING state, process has stayed up for > than 1 seconds (startsecs)
2025-05-19 17:40:05,996 INFO success: queue entered RUNNING state, process has stayed up for > than 1 seconds (startsecs)
2025-05-19 17:57:31,466 WARN received SIGQUIT indicating exit request
2025-05-19 17:57:31,466 INFO waiting for nginx, php-fpm, queue to die
2025-05-19 17:57:32,471 INFO stopped: queue (exit status 0)
2025-05-19 17:57:32,477 INFO stopped: php-fpm (exit status 0)
2025-05-19 17:57:32,494 INFO stopped: nginx (exit status 0)
